Build started 02/06/2017 12:50:42.
     1>Project "C:\hlocal\IG_P2\freeglut project 3D\freeglut project 3D.vcxproj" on node 2 (Build target(s)).
     1>ClCompile:
         C:\software\programacion\MSVStudio2013\VC\bin\CL.exe /c /IC:\hlocal\IG_P2\freeglut\include\ /ZI /nologo /W3 /WX- /Od /Oy- /D _MBCS /Gm /EHsc /RTC1 /MDd /GS /fp:precise /Zc:wchar_t /Zc:forScope /Fo"Debug\\" /Fd"Debug\vc120.pdb" /Gd /TP /analyze- /errorReport:prompt main.cpp
         main.cpp
     1>c:\hlocal\ig_p2\freeglut project 3d\main.cpp(48): warning C4244: 'argument' : conversion from 'GLdouble' to 'GLfloat', possible loss of data
     1>c:\hlocal\ig_p2\freeglut project 3d\main.cpp(49): warning C4244: 'argument' : conversion from 'GLdouble' to 'GLfloat', possible loss of data
     1>c:\hlocal\ig_p2\freeglut project 3d\main.cpp(50): warning C4244: 'argument' : conversion from 'GLdouble' to 'GLfloat', possible loss of data
     1>c:\hlocal\ig_p2\freeglut project 3d\main.cpp(156): warning C4244: '=' : conversion from 'double' to 'float', possible loss of data
     1>c:\hlocal\ig_p2\freeglut project 3d\main.cpp(229): warning C4305: '+=' : truncation from 'double' to 'GLfloat'
     1>c:\hlocal\ig_p2\freeglut project 3d\main.cpp(233): warning C4305: '-=' : truncation from 'double' to 'GLfloat'
       Link:
         C:\software\programacion\MSVStudio2013\VC\bin\link.exe /ERRORREPORT:PROMPT /OUT:"C:\hlocal\IG_P2\Debug\freeglut project 3D.exe" /INCREMENTAL /NOLOGO /LIBPATH:C:\hlocal\IG_P2\freeglut\lib\ kernel32.lib user32.lib gdi32.lib winspool.lib comdlg32.lib advapi32.lib shell32.lib ole32.lib oleaut32.lib uuid.lib odbc32.lib odbccp32.lib /MANIFEST /MANIFESTUAC:"level='asInvoker' uiAccess='false'" /manifest:embed /DEBUG /PDB:"C:\hlocal\IG_P2\Debug\freeglut project 3D.pdb" /TLBID:1 /DYNAMICBASE /NXCOMPAT /IMPLIB:"C:\hlocal\IG_P2\Debug\freeglut project 3D.lib" /MACHINE:X86 Debug\Camara.obj
         Debug\Cara.obj
         Debug\Coche.obj
         Debug\Hipotrocoide.obj
         Debug\main.obj
         Debug\Malla.obj
         Debug\PV3D.obj
         Debug\VerticeNormal.obj
         freeglut project 3D.vcxproj -> C:\hlocal\IG_P2\Debug\freeglut project 3D.exe
     1>Done Building Project "C:\hlocal\IG_P2\freeglut project 3D\freeglut project 3D.vcxproj" (Build target(s)).

Build succeeded.

Time Elapsed 00:00:00.71
